::1 - - [12/Nov/2021:09:14:57 +0000] "GET /getContaminationAreaAndAlertWithIn5KmAnd100mts?lat=20&lng=20 HTTP/1.1" 500 1706 "-" "Mozilla/5.0 (Macintosh; Intel Mac OS X 10_15_7) AppleWebKit/537.36 (KHTML, like Gecko) Chrome/95.0.4638.69 Safari/537.36"
::1 - - [12/Nov/2021:09:15:00 +0000] "GET /favicon.ico HTTP/1.1" 404 150 "http://localhost:5000/getContaminationAreaAndAlertWithIn5KmAnd100mts?lat=20&lng=20" "Mozilla/5.0 (Macintosh; Intel Mac OS X 10_15_7) AppleWebKit/537.36 (KHTML, like Gecko) Chrome/95.0.4638.69 Safari/537.36"
::1 - - [12/Nov/2021:09:15:26 +0000] "GET /getContaminationAreaAndAlertWithIn5KmAnd100mts?lat=20&lng=20 HTTP/1.1" 200 24 "-" "Mozilla/5.0 (Macintosh; Intel Mac OS X 10_15_7) AppleWebKit/537.36 (KHTML, like Gecko) Chrome/95.0.4638.69 Safari/537.36"
::1 - - [12/Nov/2021:09:15:48 +0000] "GET /getContaminationAreaAndAlertWithIn5KmAnd100mts?lat=19.0663369&lng= HTTP/1.1" 200 24 "-" "Mozilla/5.0 (Macintosh; Intel Mac OS X 10_15_7) AppleWebKit/537.36 (KHTML, like Gecko) Chrome/95.0.4638.69 Safari/537.36"
::1 - - [12/Nov/2021:09:16:03 +0000] "GET /getContaminationAreaAndAlertWithIn5KmAnd100mts?lat=19.0663369&lng=72.9998197 HTTP/1.1" 200 24 "-" "Mozilla/5.0 (Macintosh; Intel Mac OS X 10_15_7) AppleWebKit/537.36 (KHTML, like Gecko) Chrome/95.0.4638.69 Safari/537.36"
::1 - - [12/Nov/2021:09:16:06 +0000] "GET /getContaminationAreaAndAlertWithIn5KmAnd100mts?lat=19.0663369&lng=72.9998197 HTTP/1.1" 304 - "-" "Mozilla/5.0 (Macintosh; Intel Mac OS X 10_15_7) AppleWebKit/537.36 (KHTML, like Gecko) Chrome/95.0.4638.69 Safari/537.36"
::1 - - [12/Nov/2021:09:16:38 +0000] "GET / HTTP/1.1" 200 32 "-" "Mozilla/5.0 (Macintosh; Intel Mac OS X 10_15_7) AppleWebKit/537.36 (KHTML, like Gecko) Chrome/95.0.4638.69 Safari/537.36"
::1 - - [12/Nov/2021:09:16:59 +0000] "GET /getContaminationAreaAndAlertWithIn5KmAnd100mts?lat=19.0663369&lng=72.9998197 HTTP/1.1" 304 - "-" "Mozilla/5.0 (Macintosh; Intel Mac OS X 10_15_7) AppleWebKit/537.36 (KHTML, like Gecko) Chrome/95.0.4638.69 Safari/537.36"
::1 - - [12/Nov/2021:09:18:28 +0000] "GET /getContaminationAreaAndAlertWithIn5KmAnd100mts?lat=19.0663369&lng=72.9998197 HTTP/1.1" 304 - "-" "Mozilla/5.0 (Macintosh; Intel Mac OS X 10_15_7) AppleWebKit/537.36 (KHTML, like Gecko) Chrome/95.0.4638.69 Safari/537.36"
::1 - - [12/Nov/2021:09:19:11 +0000] "GET /getContaminationAreaAndAlertWithIn5KmAnd100mts?lat=19.0663369&lng=72.9998197 HTTP/1.1" 304 - "-" "Mozilla/5.0 (Macintosh; Intel Mac OS X 10_15_7) AppleWebKit/537.36 (KHTML, like Gecko) Chrome/95.0.4638.69 Safari/537.36"
::1 - - [12/Nov/2021:09:20:15 +0000] "GET /getContaminationAreaAndAlertWithIn5KmAnd100mts?lat=19.0663369&lng=72.9998197 HTTP/1.1" 304 - "-" "Mozilla/5.0 (Macintosh; Intel Mac OS X 10_15_7) AppleWebKit/537.36 (KHTML, like Gecko) Chrome/95.0.4638.69 Safari/537.36"
::1 - - [12/Nov/2021:09:21:27 +0000] "GET /getContaminationAreaAndAlertWithIn5KmAnd100mts?lat=19.0663369&lng=72.9998197 HTTP/1.1" 304 - "-" "Mozilla/5.0 (Macintosh; Intel Mac OS X 10_15_7) AppleWebKit/537.36 (KHTML, like Gecko) Chrome/95.0.4638.69 Safari/537.36"
::1 - - [12/Nov/2021:09:22:12 +0000] "GET /getContaminationAreaAndAlertWithIn5KmAnd100mts?lat=19.0663369&lng=72.9998197 HTTP/1.1" 304 - "-" "Mozilla/5.0 (Macintosh; Intel Mac OS X 10_15_7) AppleWebKit/537.36 (KHTML, like Gecko) Chrome/95.0.4638.69 Safari/537.36"
::1 - - [12/Nov/2021:09:22:32 +0000] "GET /getContaminationAreaAndAlertWithIn5KmAnd100mts?lat=19.0663369&lng=72.9998197 HTTP/1.1" 200 368 "-" "Mozilla/5.0 (Macintosh; Intel Mac OS X 10_15_7) AppleWebKit/537.36 (KHTML, like Gecko) Chrome/95.0.4638.69 Safari/537.36"
::1 - - [12/Nov/2021:09:23:14 +0000] "GET /getContaminationAreaAndAlertWithIn5KmAnd100mts?lat=20&lng=72.9998197 HTTP/1.1" 200 24 "-" "Mozilla/5.0 (Macintosh; Intel Mac OS X 10_15_7) AppleWebKit/537.36 (KHTML, like Gecko) Chrome/95.0.4638.69 Safari/537.36"
::1 - - [12/Nov/2021:09:33:16 +0000] "GET /getContaminationAreaAndAlertWithIn5KmAnd100mts?lat=20&lng=72.9998197 HTTP/1.1" 304 - "-" "Mozilla/5.0 (Macintosh; Intel Mac OS X 10_15_7) AppleWebKit/537.36 (KHTML, like Gecko) Chrome/95.0.4638.69 Safari/537.36"
::1 - - [12/Nov/2021:09:34:17 +0000] "GET /getContaminationAreaAndAlertWithIn5KmAnd100mts?lat=20&lng=72.9998197 HTTP/1.1" 304 - "-" "Mozilla/5.0 (Macintosh; Intel Mac OS X 10_15_7) AppleWebKit/537.36 (KHTML, like Gecko) Chrome/95.0.4638.69 Safari/537.36"
::1 - - [12/Nov/2021:09:34:39 +0000] "GET /getContaminationAreaAndAlertWithIn5KmAnd100mts?lat=19.067273&lng=72.9998197 HTTP/1.1" 200 24 "-" "Mozilla/5.0 (Macintosh; Intel Mac OS X 10_15_7) AppleWebKit/537.36 (KHTML, like Gecko) Chrome/95.0.4638.69 Safari/537.36"
::1 - - [12/Nov/2021:09:34:41 +0000] "GET /getContaminationAreaAndAlertWithIn5KmAnd100mts?lat=19.067273&lng=72.9998197 HTTP/1.1" 304 - "-" "Mozilla/5.0 (Macintosh; Intel Mac OS X 10_15_7) AppleWebKit/537.36 (KHTML, like Gecko) Chrome/95.0.4638.69 Safari/537.36"
::1 - - [12/Nov/2021:09:35:02 +0000] "GET /getContaminationAreaAndAlertWithIn5KmAnd100mts?lat=19.067273&lng=72.9998197 HTTP/1.1" 304 - "-" "Mozilla/5.0 (Macintosh; Intel Mac OS X 10_15_7) AppleWebKit/537.36 (KHTML, like Gecko) Chrome/95.0.4638.69 Safari/537.36"
::1 - - [12/Nov/2021:09:35:41 +0000] "GET /getContaminationAreaAndAlertWithIn5KmAnd100mts?lat=19.067273&lng=72.9998197 HTTP/1.1" 500 1753 "-" "Mozilla/5.0 (Macintosh; Intel Mac OS X 10_15_7) AppleWebKit/537.36 (KHTML, like Gecko) Chrome/95.0.4638.69 Safari/537.36"
::1 - - [12/Nov/2021:09:36:02 +0000] "GET /getContaminationAreaAndAlertWithIn5KmAnd100mts?lat=19.067273&lng=72.9998197 HTTP/1.1" 500 1753 "-" "Mozilla/5.0 (Macintosh; Intel Mac OS X 10_15_7) AppleWebKit/537.36 (KHTML, like Gecko) Chrome/95.0.4638.69 Safari/537.36"
::1 - - [12/Nov/2021:09:36:42 +0000] "GET /getContaminationAreaAndAlertWithIn5KmAnd100mts?lat=19.067273&lng=72.9998197 HTTP/1.1" 500 1753 "-" "Mozilla/5.0 (Macintosh; Intel Mac OS X 10_15_7) AppleWebKit/537.36 (KHTML, like Gecko) Chrome/95.0.4638.69 Safari/537.36"
::1 - - [12/Nov/2021:09:57:19 +0000] "GET /getContaminationAreaAndAlertWithIn5KmAnd100mts?lat=19.067273&lng=72.9998197 HTTP/1.1" 200 49532 "-" "Mozilla/5.0 (Macintosh; Intel Mac OS X 10_15_7) AppleWebKit/537.36 (KHTML, like Gecko) Chrome/95.0.4638.69 Safari/537.36"
::1 - - [12/Nov/2021:09:57:33 +0000] "GET /getContaminationAreaAndAlertWithIn5KmAnd100mts?lat=1.067273&lng=72.9998197 HTTP/1.1" 200 24 "-" "Mozilla/5.0 (Macintosh; Intel Mac OS X 10_15_7) AppleWebKit/537.36 (KHTML, like Gecko) Chrome/95.0.4638.69 Safari/537.36"
::1 - - [12/Nov/2021:10:00:03 +0000] "GET /getContaminationAreaAndAlertWithIn5KmAnd100mts?lat=1.067273&lng=72.9998197 HTTP/1.1" 304 - "-" "Mozilla/5.0 (Macintosh; Intel Mac OS X 10_15_7) AppleWebKit/537.36 (KHTML, like Gecko) Chrome/95.0.4638.69 Safari/537.36"
::1 - - [12/Nov/2021:10:15:13 +0000] "GET /getContaminationAreaAndAlertWithIn5KmAnd100mts?lat=1.067273&lng=72.9998197 HTTP/1.1" 304 - "-" "Mozilla/5.0 (Macintosh; Intel Mac OS X 10_15_7) AppleWebKit/537.36 (KHTML, like Gecko) Chrome/95.0.4638.69 Safari/537.36"
::1 - - [12/Nov/2021:10:15:13 +0000] "GET /getContaminationAreaAndAlertWithIn5KmAnd100mts?lat=1.067273&lng=72.9998197 HTTP/1.1" 304 - "-" "Mozilla/5.0 (Macintosh; Intel Mac OS X 10_15_7) AppleWebKit/537.36 (KHTML, like Gecko) Chrome/95.0.4638.69 Safari/537.36"
::1 - - [12/Nov/2021:10:15:19 +0000] "GET /getContaminationAreaAndAlertWithIn5KmAnd100mts?lat=19.067273&lng=72.9998197 HTTP/1.1" 200 1982 "-" "Mozilla/5.0 (Macintosh; Intel Mac OS X 10_15_7) AppleWebKit/537.36 (KHTML, like Gecko) Chrome/95.0.4638.69 Safari/537.36"
::1 - - [12/Nov/2021:10:16:23 +0000] "GET /getContaminationAreaAndAlertWithIn5KmAnd100mts?lat=19.067273&lng=72.9998197 HTTP/1.1" 304 - "-" "Mozilla/5.0 (Macintosh; Intel Mac OS X 10_15_7) AppleWebKit/537.36 (KHTML, like Gecko) Chrome/95.0.4638.69 Safari/537.36"
